[0.316s] Invoking command in '/home/user/ros2_ws/src/py_pubsub': PYTHONPATH=/home/user/ros2_ws/build/py_pubsub/prefix_override:/home/user/ros2_ws/install/py_pubsub/lib/python3.8/site-packages:${PYTHONPATH} /usr/bin/python3 setup.py egg_info --egg-base ../../build/py_pubsub build --build-base /home/user/ros2_ws/build/py_pubsub/build install --record /home/user/ros2_ws/build/py_pubsub/install.log --install-scripts $base/lib/py_pubsub --single-version-externally-managed
[0.405s] running egg_info
[0.405s] writing ../../build/py_pubsub/py_pubsub.egg-info/PKG-INFO
[0.406s] writing dependency_links to ../../build/py_pubsub/py_pubsub.egg-info/dependency_links.txt
[0.406s] writing entry points to ../../build/py_pubsub/py_pubsub.egg-info/entry_points.txt
[0.406s] writing requirements to ../../build/py_pubsub/py_pubsub.egg-info/requires.txt
[0.406s] writing top-level names to ../../build/py_pubsub/py_pubsub.egg-info/top_level.txt
[0.423s] reading manifest file '../../build/py_pubsub/py_pubsub.egg-info/SOURCES.txt'
[0.424s] writing manifest file '../../build/py_pubsub/py_pubsub.egg-info/SOURCES.txt'
[0.424s] running build
[0.424s] running build_py
[0.424s] copying py_pubsub/publisher_member_function.py -> /home/user/ros2_ws/build/py_pubsub/build/lib/py_pubsub
[0.425s] running install
[0.425s] running install_lib
[0.425s] copying /home/user/ros2_ws/build/py_pubsub/build/lib/py_pubsub/publisher_member_function.py -> /home/user/ros2_ws/install/py_pubsub/lib/python3.8/site-packages/py_pubsub
[0.425s] byte-compiling /home/user/ros2_ws/install/py_pubsub/lib/python3.8/site-packages/py_pubsub/publisher_member_function.py to publisher_member_function.cpython-38.pyc
[0.426s] running install_data
[0.427s] running install_egg_info
[0.427s] removing '/home/user/ros2_ws/install/py_pubsub/lib/python3.8/site-packages/py_pubsub-0.0.0-py3.8.egg-info' (and everything under it)
[0.427s] Copying ../../build/py_pubsub/py_pubsub.egg-info to /home/user/ros2_ws/install/py_pubsub/lib/python3.8/site-packages/py_pubsub-0.0.0-py3.8.egg-info
[0.428s] running install_scripts
[0.436s] Installing talker script to /home/user/ros2_ws/install/py_pubsub/lib/py_pubsub
[0.436s] writing list of installed files to '/home/user/ros2_ws/build/py_pubsub/install.log'
[0.445s] Invoked command in '/home/user/ros2_ws/src/py_pubsub' returned '0': PYTHONPATH=/home/user/ros2_ws/build/py_pubsub/prefix_override:/home/user/ros2_ws/install/py_pubsub/lib/python3.8/site-packages:${PYTHONPATH} /usr/bin/python3 setup.py egg_info --egg-base ../../build/py_pubsub build --build-base /home/user/ros2_ws/build/py_pubsub/build install --record /home/user/ros2_ws/build/py_pubsub/install.log --install-scripts $base/lib/py_pubsub --single-version-externally-managed
