[0.268s] Invoking command in '/home/user/ros2_ws/src/py_pubsub': PYTHONPATH=/home/user/ros2_ws/build/py_pubsub/prefix_override:/home/user/ros2_ws/install/py_pubsub/lib/python3.8/site-packages:${PYTHONPATH} /usr/bin/python3 setup.py egg_info --egg-base ../../build/py_pubsub build --build-base /home/user/ros2_ws/build/py_pubsub/build install --record /home/user/ros2_ws/build/py_pubsub/install.log --install-scripts $base/lib/py_pubsub --single-version-externally-managed
[0.357s] running egg_info
[0.357s] writing ../../build/py_pubsub/py_pubsub.egg-info/PKG-INFO
[0.357s] writing dependency_links to ../../build/py_pubsub/py_pubsub.egg-info/dependency_links.txt
[0.357s] writing entry points to ../../build/py_pubsub/py_pubsub.egg-info/entry_points.txt
[0.357s] writing requirements to ../../build/py_pubsub/py_pubsub.egg-info/requires.txt
[0.358s] writing top-level names to ../../build/py_pubsub/py_pubsub.egg-info/top_level.txt
[0.374s] reading manifest file '../../build/py_pubsub/py_pubsub.egg-info/SOURCES.txt'
[0.375s] writing manifest file '../../build/py_pubsub/py_pubsub.egg-info/SOURCES.txt'
[0.375s] running build
[0.375s] running build_py
[0.375s] copying py_pubsub/publisher_member_function.py -> /home/user/ros2_ws/build/py_pubsub/build/lib/py_pubsub
[0.375s] running install
[0.375s] running install_lib
[0.376s] copying /home/user/ros2_ws/build/py_pubsub/build/lib/py_pubsub/publisher_member_function.py -> /home/user/ros2_ws/install/py_pubsub/lib/python3.8/site-packages/py_pubsub
[0.376s] byte-compiling /home/user/ros2_ws/install/py_pubsub/lib/python3.8/site-packages/py_pubsub/publisher_member_function.py to publisher_member_function.cpython-38.pyc
[0.377s] running install_data
[0.377s] running install_egg_info
[0.378s] removing '/home/user/ros2_ws/install/py_pubsub/lib/python3.8/site-packages/py_pubsub-0.0.0-py3.8.egg-info' (and everything under it)
[0.378s] Copying ../../build/py_pubsub/py_pubsub.egg-info to /home/user/ros2_ws/install/py_pubsub/lib/python3.8/site-packages/py_pubsub-0.0.0-py3.8.egg-info
[0.379s] running install_scripts
[0.387s] Installing talker script to /home/user/ros2_ws/install/py_pubsub/lib/py_pubsub
[0.387s] writing list of installed files to '/home/user/ros2_ws/build/py_pubsub/install.log'
[0.397s] Invoked command in '/home/user/ros2_ws/src/py_pubsub' returned '0': PYTHONPATH=/home/user/ros2_ws/build/py_pubsub/prefix_override:/home/user/ros2_ws/install/py_pubsub/lib/python3.8/site-packages:${PYTHONPATH} /usr/bin/python3 setup.py egg_info --egg-base ../../build/py_pubsub build --build-base /home/user/ros2_ws/build/py_pubsub/build install --record /home/user/ros2_ws/build/py_pubsub/install.log --install-scripts $base/lib/py_pubsub --single-version-externally-managed
