[0.264s] Invoking command in '/home/user/ros2_ws/src/py_pubsub': PYTHONPATH=/home/user/ros2_ws/build/py_pubsub/prefix_override:/home/user/ros2_ws/install/py_pubsub/lib/python3.8/site-packages:${PYTHONPATH} /usr/bin/python3 setup.py egg_info --egg-base ../../build/py_pubsub build --build-base /home/user/ros2_ws/build/py_pubsub/build install --record /home/user/ros2_ws/build/py_pubsub/install.log --install-scripts $base/lib/py_pubsub --single-version-externally-managed
[0.346s] running egg_info
[0.347s] writing ../../build/py_pubsub/py_pubsub.egg-info/PKG-INFO
[0.347s] writing dependency_links to ../../build/py_pubsub/py_pubsub.egg-info/dependency_links.txt
[0.347s] writing entry points to ../../build/py_pubsub/py_pubsub.egg-info/entry_points.txt
[0.347s] writing requirements to ../../build/py_pubsub/py_pubsub.egg-info/requires.txt
[0.347s] writing top-level names to ../../build/py_pubsub/py_pubsub.egg-info/top_level.txt
[0.364s] reading manifest file '../../build/py_pubsub/py_pubsub.egg-info/SOURCES.txt'
[0.364s] writing manifest file '../../build/py_pubsub/py_pubsub.egg-info/SOURCES.txt'
[0.365s] running build
[0.365s] running build_py
[0.365s] running install
[0.365s] running install_lib
[0.366s] running install_data
[0.366s] running install_egg_info
[0.366s] removing '/home/user/ros2_ws/install/py_pubsub/lib/python3.8/site-packages/py_pubsub-0.0.0-py3.8.egg-info' (and everything under it)
[0.367s] Copying ../../build/py_pubsub/py_pubsub.egg-info to /home/user/ros2_ws/install/py_pubsub/lib/python3.8/site-packages/py_pubsub-0.0.0-py3.8.egg-info
[0.367s] running install_scripts
[0.375s] Installing talker script to /home/user/ros2_ws/install/py_pubsub/lib/py_pubsub
[0.375s] writing list of installed files to '/home/user/ros2_ws/build/py_pubsub/install.log'
[0.384s] Invoked command in '/home/user/ros2_ws/src/py_pubsub' returned '0': PYTHONPATH=/home/user/ros2_ws/build/py_pubsub/prefix_override:/home/user/ros2_ws/install/py_pubsub/lib/python3.8/site-packages:${PYTHONPATH} /usr/bin/python3 setup.py egg_info --egg-base ../../build/py_pubsub build --build-base /home/user/ros2_ws/build/py_pubsub/build install --record /home/user/ros2_ws/build/py_pubsub/install.log --install-scripts $base/lib/py_pubsub --single-version-externally-managed
