[0.278s] Invoking command in '/home/user/ros2_ws/src/py_pubsub': PYTHONPATH=/home/user/ros2_ws/build/py_pubsub/prefix_override:/home/user/ros2_ws/install/py_pubsub/lib/python3.8/site-packages:${PYTHONPATH} /usr/bin/python3 setup.py egg_info --egg-base ../../build/py_pubsub build --build-base /home/user/ros2_ws/build/py_pubsub/build install --record /home/user/ros2_ws/build/py_pubsub/install.log --install-scripts $base/lib/py_pubsub --single-version-externally-managed
[0.365s] running egg_info
[0.366s] writing ../../build/py_pubsub/py_pubsub.egg-info/PKG-INFO
[0.366s] writing dependency_links to ../../build/py_pubsub/py_pubsub.egg-info/dependency_links.txt
[0.366s] writing entry points to ../../build/py_pubsub/py_pubsub.egg-info/entry_points.txt
[0.366s] writing requirements to ../../build/py_pubsub/py_pubsub.egg-info/requires.txt
[0.366s] writing top-level names to ../../build/py_pubsub/py_pubsub.egg-info/top_level.txt
[0.383s] reading manifest file '../../build/py_pubsub/py_pubsub.egg-info/SOURCES.txt'
[0.383s] writing manifest file '../../build/py_pubsub/py_pubsub.egg-info/SOURCES.txt'
[0.383s] running build
[0.383s] running build_py
[0.383s] copying py_pubsub/publisher_member_function.py -> /home/user/ros2_ws/build/py_pubsub/build/lib/py_pubsub
[0.383s] running install
[0.384s] running install_lib
[0.384s] copying /home/user/ros2_ws/build/py_pubsub/build/lib/py_pubsub/publisher_member_function.py -> /home/user/ros2_ws/install/py_pubsub/lib/python3.8/site-packages/py_pubsub
[0.384s] byte-compiling /home/user/ros2_ws/install/py_pubsub/lib/python3.8/site-packages/py_pubsub/publisher_member_function.py to publisher_member_function.cpython-38.pyc
[0.385s] running install_data
[0.386s] running install_egg_info
[0.386s] removing '/home/user/ros2_ws/install/py_pubsub/lib/python3.8/site-packages/py_pubsub-0.0.0-py3.8.egg-info' (and everything under it)
[0.386s] Copying ../../build/py_pubsub/py_pubsub.egg-info to /home/user/ros2_ws/install/py_pubsub/lib/python3.8/site-packages/py_pubsub-0.0.0-py3.8.egg-info
[0.387s] running install_scripts
[0.395s] Installing talker script to /home/user/ros2_ws/install/py_pubsub/lib/py_pubsub
[0.395s] writing list of installed files to '/home/user/ros2_ws/build/py_pubsub/install.log'
[0.405s] Invoked command in '/home/user/ros2_ws/src/py_pubsub' returned '0': PYTHONPATH=/home/user/ros2_ws/build/py_pubsub/prefix_override:/home/user/ros2_ws/install/py_pubsub/lib/python3.8/site-packages:${PYTHONPATH} /usr/bin/python3 setup.py egg_info --egg-base ../../build/py_pubsub build --build-base /home/user/ros2_ws/build/py_pubsub/build install --record /home/user/ros2_ws/build/py_pubsub/install.log --install-scripts $base/lib/py_pubsub --single-version-externally-managed
